<?xml version="1.0" encoding="UTF-8"?>
<!-- Generated by org.testng.reporters.JUnitReportReporter -->
<testsuite hostname="EGY-MMAHRAN-NB3" name="automationPracticeTests.RegistrationTests" tests="2" failures="0" timestamp="21 Feb 2020 19:19:52 GMT" time="48.465" errors="0">
  <testcase name="validateNewAccount" time="25.939" classname="automationPracticeTests.RegistrationTests"/>
  <testcase name="validateNewAccount" time="22.526" classname="automationPracticeTests.RegistrationTests"/>
</testsuite> <!-- automationPracticeTests.RegistrationTests -->
