<?xml version="1.0" encoding="UTF-8"?>
<!-- Generated by org.testng.reporters.JUnitReportReporter -->
<testsuite hostname="EGY-MMAHRAN-NB3" name="automationPracticeTests.CheckOutTests" tests="1" failures="0" timestamp="21 Feb 2020 19:19:52 GMT" time="30.335" errors="0">
  <testcase name="validateCheckoutProcess" time="30.335" classname="automationPracticeTests.CheckOutTests"/>
</testsuite> <!-- automationPracticeTests.CheckOutTests -->
