<?xml version="1.0" encoding="UTF-8"?>
<!-- Generated by org.testng.reporters.JUnitReportReporter -->
<testsuite hostname="EGY-MMAHRAN-NB3" name="automationPracticeTests.LoginTests" tests="1" failures="0" timestamp="21 Feb 2020 19:19:52 GMT" time="17.390" errors="0">
  <testcase name="validateValidLogin" time="17.390" classname="automationPracticeTests.LoginTests"/>
</testsuite> <!-- automationPracticeTests.LoginTests -->
