<?xml version="1.0" encoding="UTF-8"?>
<!-- Generated by org.testng.reporters.JUnitReportReporter -->
<testsuite hostname="EGY-MMAHRAN-NB3" name="tests.APITests" tests="3" failures="0" timestamp="23 Feb 2020 15:20:07 GMT" time="4.593" errors="0">
  <testcase name="validateBookingIsCreatedSuccessfully" time="3.180" classname="tests.APITests"/>
  <testcase name="validateBookingIsCreatedSuccessfully" time="0.471" classname="tests.APITests"/>
  <testcase name="validateBookingDetailsIsDisplayedSuccessfully" time="0.942" classname="tests.APITests"/>
</testsuite> <!-- tests.APITests -->
