<?xml version="1.0" encoding="UTF-8"?>
<!-- Generated by org.testng.reporters.JUnitReportReporter -->
<testsuite hostname="EGY-MMAHRAN-NB3" name="automationPracticeTests.CheckOutTests" tests="2" failures="0" timestamp="28 May 2020 23:42:44 GMT" time="121.092" errors="0">
  <testcase name="validateCheckoutProcess" time="22.214" classname="automationPracticeTests.CheckOutTests"/>
  <testcase name="validateCheckoutProcess" time="98.878" classname="automationPracticeTests.CheckOutTests"/>
</testsuite> <!-- automationPracticeTests.CheckOutTests -->
