<?xml version="1.0" encoding="UTF-8"?>
<!-- Generated by org.testng.reporters.JUnitReportReporter -->
<testsuite hostname="EGY-MMAHRAN-NB3" name="automationPracticeTests.RegistrationTests" tests="2" failures="0" timestamp="21 Feb 2020 18:51:46 GMT" time="52.612" errors="0">
  <testcase name="validateNewAccount" time="28.685" classname="automationPracticeTests.RegistrationTests"/>
  <testcase name="validateNewAccount" time="23.927" classname="automationPracticeTests.RegistrationTests"/>
</testsuite> <!-- automationPracticeTests.RegistrationTests -->
