<?xml version="1.0" encoding="UTF-8"?>
<!-- Generated by org.testng.reporters.JUnitReportReporter -->
<testsuite hostname="EGY-MMAHRAN-NB3" name="automationPracticeTests.RegistrationTests" tests="2" failures="0" timestamp="23 Feb 2020 15:37:21 GMT" time="52.005" errors="0">
  <testcase name="validateNewAccount" time="25.396" classname="automationPracticeTests.RegistrationTests"/>
  <testcase name="validateNewAccount" time="26.609" classname="automationPracticeTests.RegistrationTests"/>
</testsuite> <!-- automationPracticeTests.RegistrationTests -->
