<?xml version="1.0" encoding="UTF-8"?>
<!-- Generated by org.testng.reporters.JUnitReportReporter -->
<testsuite hostname="EGY-MMAHRAN-NB3" name="automationPracticeTests.LoginTests" tests="1" failures="0" timestamp="27 Apr 2020 12:54:36 GMT" time="30.822" errors="0">
  <testcase name="validateValidLogin" time="30.822" classname="automationPracticeTests.LoginTests"/>
</testsuite> <!-- automationPracticeTests.LoginTests -->
