<?xml version="1.0" encoding="UTF-8"?>
<!-- Generated by org.testng.reporters.JUnitReportReporter -->
<testsuite hostname="EGY-MMAHRAN-NB3" name="automationPracticeTests.LoginTests" tests="1" failures="0" timestamp="21 Feb 2020 18:51:46 GMT" time="31.002" errors="0">
  <testcase name="validateValidLogin" time="31.002" classname="automationPracticeTests.LoginTests"/>
</testsuite> <!-- automationPracticeTests.LoginTests -->
