<?xml version="1.0" encoding="UTF-8"?>
<!-- Generated by org.testng.reporters.JUnitReportReporter -->
<testsuite hostname="EGY-MMAHRAN-NB3" name="automationPracticeTests.RegistrationTests" tests="2" failures="0" timestamp="27 Apr 2020 12:54:36 GMT" time="225.855" errors="0">
  <testcase name="validateNewAccount" time="49.126" classname="automationPracticeTests.RegistrationTests"/>
  <testcase name="validateNewAccount" time="176.729" classname="automationPracticeTests.RegistrationTests"/>
</testsuite> <!-- automationPracticeTests.RegistrationTests -->
