<?xml version="1.0" encoding="UTF-8"?>
<!-- Generated by org.testng.reporters.JUnitReportReporter -->
<testsuite hostname="EGY-MMAHRAN-NB3" name="automationPracticeTests.LoginTests" tests="1" failures="0" timestamp="23 Feb 2020 15:37:21 GMT" time="16.668" errors="0">
  <testcase name="validateValidLogin" time="16.668" classname="automationPracticeTests.LoginTests"/>
</testsuite> <!-- automationPracticeTests.LoginTests -->
