<?xml version="1.0" encoding="UTF-8"?>
<!-- Generated by org.testng.reporters.JUnitReportReporter -->
<testsuite hostname="EGY-MMAHRAN-NB3" name="automationPracticeTests.CheckOutTests" tests="1" failures="0" timestamp="10 May 2020 02:29:31 GMT" time="41.749" errors="0">
  <testcase name="validateCheckoutProcess" time="41.749" classname="automationPracticeTests.CheckOutTests"/>
</testsuite> <!-- automationPracticeTests.CheckOutTests -->
